<?xml version="1.0" encoding="UTF-8" ?>
<testsuite tests="3" failures="1" name="TestSuite" time="123.248" errors="0" skipped="2">
  <properties>
[...]
</properties>
  <testcase classname="com.test.tesntngexample.FileUploadTest" name="beforeMethod" time="123.248">
    <failure message="newSession
Build info: version: &apos;3.4.0&apos;, revision: &apos;unknown&apos;, time: &apos;unknown&apos;
System info: host: &apos;BBF331B120&apos;, ip: &apos;10.158.138.217&apos;, os.name: &apos;Windows 10&apos;, os.arch: &apos;amd64&apos;, os.version: &apos;10.0&apos;, java.version: &apos;1.8.0_121&apos;
Driver info: driver.version: FirefoxDriver
remote stacktrace: WebDriverError@chrome://marionette/content/error.js:178:5
UnknownCommandError@chrome://marionette/content/error.js:472:5
despatch@chrome://marionette/content/server.js:290:13
execute@chrome://marionette/content/server.js:271:11
onPacket/&lt;@chrome://marionette/content/server.js:246:15
onPacket@chrome://marionette/content/server.js:245:8
_onJSONObjectReady/&lt;@chrome://marionette/content/transport.js:490:9
" type="org.openqa.selenium.WebDriverException">org.openqa.selenium.WebDriverException: newSession
Build info: version: &apos;3.4.0&apos;, revision: &apos;unknown&apos;, time: &apos;unknown&apos;
System info: host: &apos;BBF331B120&apos;, ip: &apos;10.158.138.217&apos;, os.name: &apos;Windows 10&apos;, os.arch: &apos;amd64&apos;, os.version: &apos;10.0&apos;, java.version: &apos;1.8.0_121&apos;
Driver info: driver.version: FirefoxDriver
remote stacktrace: WebDriverError@chrome://marionette/content/error.js:178:5
UnknownCommandError@chrome://marionette/content/error.js:472:5
despatch@chrome://marionette/content/server.js:290:13
execute@chrome://marionette/content/server.js:271:11
onPacket/&lt;@chrome://marionette/content/server.js:246:15
onPacket@chrome://marionette/content/server.js:245:8
_onJSONObjectReady/&lt;@chrome://marionette/content/transport.js:490:9

	at sun.reflect.NativeConstructorAccessorImpl.newInstance0(Native Method)
	at sun.reflect.NativeConstructorAccessorImpl.newInstance(NativeConstructorAccessorImpl.java:62)
	at sun.reflect.DelegatingConstructorAccessorImpl.newInstance(DelegatingConstructorAccessorImpl.java:45)
	at java.lang.reflect.Constructor.newInstance(Constructor.java:423)
	at org.openqa.selenium.remote.W3CHandshakeResponse.lambda$new$0(W3CHandshakeResponse.java:57)
	at org.openqa.selenium.remote.W3CHandshakeResponse.lambda$getResponseFunction$2(W3CHandshakeResponse.java:104)
	at org.openqa.selenium.remote.ProtocolHandshake.lambda$createSession$22(ProtocolHandshake.java:365)
	at java.util.stream.ReferencePipeline$3$1.accept(ReferencePipeline.java:193)
	at java.util.Spliterators$ArraySpliterator.tryAdvance(Spliterators.java:958)
	at java.util.stream.ReferencePipeline.forEachWithCancel(ReferencePipeline.java:126)
	at java.util.stream.AbstractPipeline.copyIntoWithCancel(AbstractPipeline.java:498)
	at java.util.stream.AbstractPipeline.copyInto(AbstractPipeline.java:485)
	at java.util.stream.AbstractPipeline.wrapAndCopyInto(AbstractPipeline.java:471)
	at java.util.stream.FindOps$FindOp.evaluateSequential(FindOps.java:152)
	at java.util.stream.AbstractPipeline.evaluate(AbstractPipeline.java:234)
	at java.util.stream.ReferencePipeline.findFirst(ReferencePipeline.java:464)
	at org.openqa.selenium.remote.ProtocolHandshake.createSession(ProtocolHandshake.java:368)
	at org.openqa.selenium.remote.ProtocolHandshake.createSession(ProtocolHandshake.java:159)
	at org.openqa.selenium.remote.HttpCommandExecutor.execute(HttpCommandExecutor.java:142)
	at org.openqa.selenium.remote.service.DriverCommandExecutor.execute(DriverCommandExecutor.java:82)
	at org.openqa.selenium.remote.RemoteWebDriver.execute(RemoteWebDriver.java:637)
	at org.openqa.selenium.remote.RemoteWebDriver.startSession(RemoteWebDriver.java:250)
	at org.openqa.selenium.remote.RemoteWebDriver.startSession(RemoteWebDriver.java:236)
	at org.openqa.selenium.remote.RemoteWebDriver.&lt;init&gt;(RemoteWebDriver.java:137)
	at org.openqa.selenium.firefox.FirefoxDriver.&lt;init&gt;(FirefoxDriver.java:191)
	at org.openqa.selenium.firefox.FirefoxDriver.&lt;init&gt;(FirefoxDriver.java:108)
	at org.openqa.selenium.firefox.FirefoxDriver.&lt;init&gt;(FirefoxDriver.java:104)
	at com.test.tesntngexample.FileUploadTest.firefoxBrowser(FileUploadTest.java:107)
	at com.test.tesntngexample.FileUploadTest.beforeMethod(FileUploadTest.java:85)
</failure>
    <system-out>Before Test started
</system-out>
    <system-err>1542629614840	geckodriver	INFO	geckodriver 0.20.1
1542629614935	geckodriver	INFO	Listening on 127.0.0.1:30667
1542629615985	mozrunner::runner	INFO	Running command: &quot;C:\\Program Files (x86)\\Mozilla Firefox\\firefox.exe&quot; &quot;-marionette&quot; &quot;-profile&quot; &quot;C:\\WINDOWS\\TEMP\\rust_mozprofile.aYGJzcleSAIa&quot;
1542629634667	Marionette	DEBUG	Received observer notification profile-after-change
1542629636900	Marionette	DEBUG	Received observer notification toplevel-window-ready
1542629637388	Marionette	DEBUG	Received observer notification command-line-startup
1542629637407	Marionette	DEBUG	Received observer notification nsPref:changed
1542629637407	Marionette	DEBUG	Init aborted (running=false, enabled=true, finalUIStartup=false)
1542629640092	Marionette	DEBUG	Received observer notification toplevel-window-ready
1542629653546	Marionette	DEBUG	Received observer notification sessionstore-windows-restored
1542629653547	Marionette	DEBUG	GFX sanity window detected, waiting until it has been closed...
1542629654474	Marionette	DEBUG	Received observer notification domwindowclosed
1542629654475	Marionette	DEBUG	Waiting for delayed startup...

###!!! [Parent][MessageChannel] Error: (msgtype=0x300059,name=PContent::Msg_ProvideAnonymousTemporaryFile) Closed channel: cannot send/recv

1542629655479	Marionette	DEBUG	Setting recommended pref app.update.disabledForTesting to true
1542629655479	Marionette	DEBUG	Setting recommended pref security.turn_off_all_security_so_that_viruses_can_take_over_this_computer to true
1542629655483	Marionette	DEBUG	Setting recommended pref toolkit.cosmeticAnimations.enabled to false
1542629655486	Marionette	DEBUG	Setting recommended pref datareporting.policy.dataSubmissionPolicyAccepted to false
1542629655486	Marionette	DEBUG	Setting recommended pref dom.disable_beforeunload to true
1542629655616	Marionette	INFO	Listening on port 55875
1542629655616	Marionette	DEBUG	Remote service is active
1542629656084	Marionette	DEBUG	Accepted connection 0 from 127.0.0.1:55944
1542629656174	Marionette	TRACE	0 -&gt; [0,1,&quot;newSession&quot;,{&quot;capabilities&quot;:{&quot;desiredCapabilities&quot;:{}}}]
1542629656175	Marionette	TRACE	0 &lt;- [1,1,{&quot;error&quot;:&quot;unknown command&quot;,&quot;message&quot;:&quot;newSession&quot;,&quot;stacktrace&quot;:&quot;WebDriverError@chrome://marionette/content/error.js:178: ... et@chrome://marionette/content/server.js:245:8\n_onJSONObjectReady/&lt;@chrome://marionette/content/transport.js:490:9\n&quot;},null]
Nov 19, 2018 5:45:30 PM org.openqa.selenium.remote.ErrorCodes toStatus
INFO: HTTP Status: &apos;404&apos; -&gt; incorrect JSON status mapping for &apos;unknown error&apos; (500 expected)
</system-err>
  </testcase>
  <testcase classname="com.test.tesntngexample.FileUploadTest" name="actionDemo" time="0">
    <skipped/>
  </testcase>
  <testcase classname="com.test.tesntngexample.FileUploadTest" name="closeBrowserWindow" time="0">
    <skipped/>
  </testcase>
</testsuite>