<?xml version="1.0" encoding="UTF-8"?>
<!-- Generated by org.testng.reporters.JUnitXMLReporter -->
<testsuite hostname="BBf331b120" name="uploadTests" tests="3" failures="0" timestamp="21 Jun 2018 13:28:39 GMT" time="90.184" errors="0">
  <testcase name="actionDemo" time="9.162" classname="com.test.tesntngexample.FileUploadTest"/>
  <testcase name="fileUpload" time="16.724" classname="com.test.tesntngexample.FileUploadTest"/>
  <testcase name="enterData" time="11.745" classname="com.test.tesntngexample.WebElementTest"/>
</testsuite> <!-- uploadTests -->
