<?xml version="1.0" encoding="UTF-8"?>
<testng-results skipped="0" failed="0" total="1" passed="1">
  <reporter-output>
    <line>
      <![CDATA[Chrome driver is called]]>
    </line>
    <line>
      <![CDATA[Action demo application launched]]>
    </line>
    <line>
      <![CDATA[Table Demo application was launched]]>
    </line>
    <line>
      <![CDATA[Action Demo Test ended]]>
    </line>
  </reporter-output>
  <suite name="Suite" duration-ms="55425" started-at="2018-11-19T11:20:09Z" finished-at="2018-11-19T11:21:05Z">
    <groups>
    </groups>
    <test name="dataproviderTest" duration-ms="55425" started-at="2018-11-19T11:20:09Z" finished-at="2018-11-19T11:21:05Z">
      <class name="com.test.tesntngexample.FileUploadTest">
        <test-method status="PASS" signature="beforeMethod()[pri:0, instance:com.test.tesntngexample.FileUploadTest@3532ec19]" name="beforeMethod" is-config="true" duration-ms="38245" started-at="2018-11-19T16:50:09Z" finished-at="2018-11-19T16:50:47Z">
          <reporter-output>
            <line>
              <![CDATA[Chrome driver is called]]>
            </line>
          </reporter-output>
        </test-method> <!-- beforeMethod -->
        <test-method status="PASS" signature="actionDemo()[pri:0, instance:com.test.tesntngexample.FileUploadTest@3532ec19]" name="actionDemo" duration-ms="16766" started-at="2018-11-19T16:50:47Z" finished-at="2018-11-19T16:51:04Z">
          <reporter-output>
            <line>
              <![CDATA[Action demo application launched]]>
            </line>
            <line>
              <![CDATA[Table Demo application was launched]]>
            </line>
            <line>
              <![CDATA[Action Demo Test ended]]>
            </line>
          </reporter-output>
        </test-method> <!-- actionDemo -->
        <test-method status="PASS" signature="closeBrowserWindow()[pri:0, instance:com.test.tesntngexample.FileUploadTest@3532ec19]" name="closeBrowserWindow" is-config="true" duration-ms="392" started-at="2018-11-19T16:51:04Z" finished-at="2018-11-19T16:51:04Z">
          <reporter-output>
          </reporter-output>
        </test-method> <!-- closeBrowserWindow -->
      </class> <!-- com.test.tesntngexample.FileUploadTest -->
    </test> <!-- dataproviderTest -->
  </suite> <!-- Suite -->
</testng-results>
